(---------------------------------------------------------------------)
(                                                                     )
(    ARTWORK LOG                                                      )
(                                                                     )
(    Drawing          : SENSOR_PLATFORM_BREAKOUT_BOARD_6KITBoards_REV02_2014-10-20.brd )
(    Software Version : 16.5S001                                      )
(    Date/Time        : Mon Oct 20 15:18:45 2014                      )
(                                                                     )
(---------------------------------------------------------------------)



 ******************************************
 WARNING: DRC OUT OF DATE on this layout.
 ******************************************

 ---- Photoplot outline rectangle not found ... using drawing extents



Results from parameter file ...
    DEVICE-TYPE           GERBER_RS274X
    OUTPUT-UNITS          INCHES
    FILM-SIZE             2400000 1600000
    FORMAT                2.5
    ABORT-ON-ERROR        NO
    SCALE                 1
    SUPPRESS-LEAD-ZEROES  YES
    SUPPRESS-TRAIL-ZEROES NO
    SUPPRESS-EQUAL        YES
    UNDEF-APT-CONT        NO


================================================================
     PROCESSING FILM < TOP >
     TO FILE < C:/Users/kbahar/Desktop/Sensor Platform - Hardware Layout/Layout_Breakout_Board/TOP.art > ...
================================================================

  FILM PARAMETERS :
  ---------------------------------------------------------
  Undefined line width                5.000
  Mirror code                         NONE
  Rotate angle                        NONE
  Offset x:                           0.000
  Offset y:                           0.000
  Plot negative                       NO
  Suppress unconnected internal pads  NO

    WARNING: 0 width line found at (-160.000 -918.186)
           ... using undefined line width of 5.000

    WARNING: Multiple 0 width lines; all will be treated the same as the first.
           ... using undefined line width of 5.000

    WARNING: text composed 0 width line found at (1390.000 -668.186)
           ... using undefined line width of 5.000

    WARNING: text having Multiple 0 width lines; all will be treated the same as the first.
           ... using undefined line width of 5.000



  APERTURES USED:
  ---------------------------------------------------------
  TYPE       SIZE/NAME                   ROT   MIRROR MODE 
  ---------------------------------------------------------
  CIRCLE     0.00500                                  DARK 
  CIRCLE     0.00710                                  DARK 
  CIRCLE     0.01000                                  DARK 
  CIRCLE     0.01500                                  DARK 
  CIRCLE     0.02000                                  DARK 
  CIRCLE     0.02400                                  DARK 
  CIRCLE     0.04000                                  DARK 
  CIRCLE     0.06000                                  DARK 
  SQUARE     0.02100                     0.000 NO     DARK 
  SQUARE     0.06000                     0.000 NO     DARK 
  RECTANGLE  0.01000     x 0.01400       0.000 NO     DARK 
  RECTANGLE  0.01600     x 0.01200       0.000 NO     DARK 
  RECTANGLE  0.01600     x 0.01200      90.000 NO     DARK 
  RECTANGLE  0.02100     x 0.02000       0.000 NO     DARK 
  RECTANGLE  0.02100     x 0.02000      90.000 NO     DARK 
  RECTANGLE  0.02400     x 0.04000       0.000 NO     DARK 
  RECTANGLE  0.03000     x 0.03200       0.000 NO     DARK 
  RECTANGLE  0.03000     x 0.03200      90.000 NO     DARK 
  RECTANGLE  0.05000     x 0.04500      90.000 NO     DARK 
  PAD SHAPE  010_028SM                   0.000 NO     DARK 
  PAD SHAPE  010_028SM                 180.000 NO     DARK 

     TOP created with warnings


================================================================
     PROCESSING FILM < BOTTOM >
     TO FILE < C:/Users/kbahar/Desktop/Sensor Platform - Hardware Layout/Layout_Breakout_Board/BOTTOM.art > ...
================================================================

  FILM PARAMETERS :
  ---------------------------------------------------------
  Undefined line width                5.000
  Mirror code                         NONE
  Rotate angle                        NONE
  Offset x:                           0.000
  Offset y:                           0.000
  Plot negative                       NO
  Suppress unconnected internal pads  NO



  APERTURES USED:
  ---------------------------------------------------------
  TYPE       SIZE/NAME                   ROT   MIRROR MODE 
  ---------------------------------------------------------
  CIRCLE     0.00500                                  DARK 
  CIRCLE     0.00710                                  DARK 
  CIRCLE     0.01000                                  DARK 
  CIRCLE     0.01500                                  DARK 
  CIRCLE     0.02400                                  DARK 
  CIRCLE     0.06000                                  DARK 
  SQUARE     0.06000                     0.000 NO     DARK 

     BOTTOM created with warnings


================================================================
     PROCESSING FILM < SILK_TOP >
     TO FILE < C:/Users/kbahar/Desktop/Sensor Platform - Hardware Layout/Layout_Breakout_Board/SILK_TOP.art > ...
================================================================

  FILM PARAMETERS :
  ---------------------------------------------------------
  Undefined line width                6.000
  Mirror code                         NONE
  Rotate angle                        NONE
  Offset x:                           0.000
  Offset y:                           0.000
  Plot negative                       NO
  Suppress unconnected internal pads  NO



  APERTURES USED:
  ---------------------------------------------------------
  TYPE       SIZE/NAME                   ROT   MIRROR MODE 
  ---------------------------------------------------------
  CIRCLE     0.00600                                  DARK 
  CIRCLE     0.00710                                  DARK 

     SILK_TOP created with warnings


================================================================
     PROCESSING FILM < SMASK_TOP >
     TO FILE < C:/Users/kbahar/Desktop/Sensor Platform - Hardware Layout/Layout_Breakout_Board/SMASK_TOP.art > ...
================================================================

  FILM PARAMETERS :
  ---------------------------------------------------------
  Undefined line width                5.000
  Mirror code                         NONE
  Rotate angle                        NONE
  Offset x:                           0.000
  Offset y:                           0.000
  Plot negative                       NO
  Suppress unconnected internal pads  NO



  APERTURES USED:
  ---------------------------------------------------------
  TYPE       SIZE/NAME                   ROT   MIRROR MODE 
  ---------------------------------------------------------
  CIRCLE     0.00500                                  DARK 
  CIRCLE     0.00710                                  DARK 
  CIRCLE     0.01800                                  DARK 
  CIRCLE     0.02500                                  DARK 
  CIRCLE     0.06500                                  DARK 
  CIRCLE     0.08000                                  DARK 
  SQUARE     0.02600                     0.000 NO     DARK 
  SQUARE     0.06500                     0.000 NO     DARK 
  RECTANGLE  0.01500     x 0.01900       0.000 NO     DARK 
  RECTANGLE  0.02100     x 0.01700       0.000 NO     DARK 
  RECTANGLE  0.02100     x 0.01700      90.000 NO     DARK 
  RECTANGLE  0.02600     x 0.02500       0.000 NO     DARK 
  RECTANGLE  0.02600     x 0.02500      90.000 NO     DARK 
  RECTANGLE  0.02900     x 0.04500       0.000 NO     DARK 
  RECTANGLE  0.03500     x 0.03700       0.000 NO     DARK 
  RECTANGLE  0.03500     x 0.03700      90.000 NO     DARK 
  RECTANGLE  0.05500     x 0.05000      90.000 NO     DARK 
  PAD SHAPE  010_028SM_M015_033          0.000 NO     DARK 
  PAD SHAPE  010_028SM_M015_033        180.000 NO     DARK 

     SMASK_TOP created with warnings


================================================================
     PROCESSING FILM < SMASK_BOTTOM >
     TO FILE < C:/Users/kbahar/Desktop/Sensor Platform - Hardware Layout/Layout_Breakout_Board/SMASK_BOTTOM.art > ...
================================================================

  FILM PARAMETERS :
  ---------------------------------------------------------
  Undefined line width                5.000
  Mirror code                         NONE
  Rotate angle                        NONE
  Offset x:                           0.000
  Offset y:                           0.000
  Plot negative                       NO
  Suppress unconnected internal pads  NO



  APERTURES USED:
  ---------------------------------------------------------
  TYPE       SIZE/NAME                   ROT   MIRROR MODE 
  ---------------------------------------------------------
  CIRCLE     0.00500                                  DARK 
  CIRCLE     0.00710                                  DARK 
  CIRCLE     0.01800                                  DARK 
  CIRCLE     0.02500                                  DARK 
  CIRCLE     0.06500                                  DARK 
  SQUARE     0.06500                     0.000 NO     DARK 

     SMASK_BOTTOM created with warnings


================================================================
     PROCESSING FILM < PASTE_TOP >
     TO FILE < C:/Users/kbahar/Desktop/Sensor Platform - Hardware Layout/Layout_Breakout_Board/PASTE_TOP.art > ...
================================================================

  FILM PARAMETERS :
  ---------------------------------------------------------
  Undefined line width                5.000
  Mirror code                         NONE
  Rotate angle                        NONE
  Offset x:                           0.000
  Offset y:                           0.000
  Plot negative                       NO
  Suppress unconnected internal pads  NO



  APERTURES USED:
  ---------------------------------------------------------
  TYPE       SIZE/NAME                   ROT   MIRROR MODE 
  ---------------------------------------------------------
  CIRCLE     0.00500                                  DARK 
  CIRCLE     0.00710                                  DARK 
  CIRCLE     0.04000                                  DARK 
  SQUARE     0.02100                     0.000 NO     DARK 
  RECTANGLE  0.01000     x 0.01400       0.000 NO     DARK 
  RECTANGLE  0.01600     x 0.01200       0.000 NO     DARK 
  RECTANGLE  0.01600     x 0.01200      90.000 NO     DARK 
  RECTANGLE  0.02100     x 0.02000       0.000 NO     DARK 
  RECTANGLE  0.02100     x 0.02000      90.000 NO     DARK 
  RECTANGLE  0.02400     x 0.04000       0.000 NO     DARK 
  RECTANGLE  0.03000     x 0.03200       0.000 NO     DARK 
  RECTANGLE  0.03000     x 0.03200      90.000 NO     DARK 
  RECTANGLE  0.05000     x 0.04500      90.000 NO     DARK 
  PAD SHAPE  010_028SM                   0.000 NO     DARK 
  PAD SHAPE  010_028SM                 180.000 NO     DARK 

     PASTE_TOP created with warnings


================================================================
     PROCESSING FILM < ASSY_TOP >
     TO FILE < C:/Users/kbahar/Desktop/Sensor Platform - Hardware Layout/Layout_Breakout_Board/ASSY_TOP.art > ...
================================================================

  FILM PARAMETERS :
  ---------------------------------------------------------
  Undefined line width                4.000
  Mirror code                         NONE
  Rotate angle                        NONE
  Offset x:                           0.000
  Offset y:                           0.000
  Plot negative                       NO
  Suppress unconnected internal pads  NO



  APERTURES USED:
  ---------------------------------------------------------
  TYPE       SIZE/NAME                   ROT   MIRROR MODE 
  ---------------------------------------------------------
  CIRCLE     0.00400                                  DARK 
  CIRCLE     0.00600                                  DARK 
  CIRCLE     0.00710                                  DARK 

     ASSY_TOP created with warnings


================================================================
     PROCESSING FILM < FAB >
     TO FILE < C:/Users/kbahar/Desktop/Sensor Platform - Hardware Layout/Layout_Breakout_Board/FAB.art > ...
================================================================

  FILM PARAMETERS :
  ---------------------------------------------------------
  Undefined line width                5.000
  Mirror code                         NONE
  Rotate angle                        NONE
  Offset x:                           0.000
  Offset y:                           0.000
  Plot negative                       NO
  Suppress unconnected internal pads  NO



  APERTURES USED:
  ---------------------------------------------------------
  TYPE       SIZE/NAME                   ROT   MIRROR MODE 
  ---------------------------------------------------------
  CIRCLE     0.00400                                  DARK 
  CIRCLE     0.00500                                  DARK 
  CIRCLE     0.00600                                  DARK 
  CIRCLE     0.00710                                  DARK 

     FAB created with warnings


================================================================
     PROCESSING FILM < PANEL >
     TO FILE < C:/Users/kbahar/Desktop/Sensor Platform - Hardware Layout/Layout_Breakout_Board/PANEL.art > ...
================================================================

  FILM PARAMETERS :
  ---------------------------------------------------------
  Undefined line width                5.000
  Mirror code                         NONE
  Rotate angle                        NONE
  Offset x:                           0.000
  Offset y:                           0.000
  Plot negative                       NO
  Suppress unconnected internal pads  NO



  APERTURES USED:
  ---------------------------------------------------------
  TYPE       SIZE/NAME                   ROT   MIRROR MODE 
  ---------------------------------------------------------
  CIRCLE     0.00400                                  DARK 
  CIRCLE     0.00500                                  DARK 
  CIRCLE     0.00600                                  DARK 
  CIRCLE     0.00710                                  DARK 

     PANEL created with warnings


================================================================
     PROCESSING FILM < ASSY_BOTTOM >
     TO FILE < C:/Users/kbahar/Desktop/Sensor Platform - Hardware Layout/Layout_Breakout_Board/ASSY_BOTTOM.art > ...
================================================================

  FILM PARAMETERS :
  ---------------------------------------------------------
  Undefined line width                0.000
  Mirror code                         NONE
  Rotate angle                        NONE
  Offset x:                           0.000
  Offset y:                           0.000
  Plot negative                       NO
  Suppress unconnected internal pads  NO

    WARNING: rectangle or unfilled shape composed 0 width line found at (120.000 875.000)
           ... ignored!



  APERTURES USED:
  ---------------------------------------------------------
  TYPE       SIZE/NAME                   ROT   MIRROR MODE 
  ---------------------------------------------------------
  CIRCLE     0.00600                                  DARK 
  CIRCLE     0.00710                                  DARK 

     ASSY_BOTTOM created with warnings


================================================================
     PROCESSING FILM < SILK_BOTTOM >
     TO FILE < C:/Users/kbahar/Desktop/Sensor Platform - Hardware Layout/Layout_Breakout_Board/SILK_BOTTOM.art > ...
================================================================

  FILM PARAMETERS :
  ---------------------------------------------------------
  Undefined line width                0.000
  Mirror code                         NONE
  Rotate angle                        NONE
  Offset x:                           0.000
  Offset y:                           0.000
  Plot negative                       NO
  Suppress unconnected internal pads  NO

    WARNING: rectangle or unfilled shape having Multiple 0 width lines; all will be treated the same as the first.
           ... ignored!



  APERTURES USED:
  ---------------------------------------------------------
  TYPE       SIZE/NAME                   ROT   MIRROR MODE 
  ---------------------------------------------------------
  CIRCLE     0.00600                                  DARK 
  CIRCLE     0.00710                                  DARK 

     SILK_BOTTOM created with warnings


------------------------------------------------------
 SUMMARY:
        TOP created with warnings
        BOTTOM created with warnings
        SILK_TOP created with warnings
        SMASK_TOP created with warnings
        SMASK_BOTTOM created with warnings
        PASTE_TOP created with warnings
        ASSY_TOP created with warnings
        FAB created with warnings
        PANEL created with warnings
        ASSY_BOTTOM created with warnings
        SILK_BOTTOM created with warnings

 ARTWORK had warnings
